# JRE version: Java(TM) SE Runtime Environment (8.0_202-b08) (build 1.8.0_202-b08)
# Java VM: Java HotSpot(TM) 64-Bit Server VM (25.202-b08 mixed mode windows-amd64 compressed oops)
Heap:
 PSYoungGen      total 27648K, used 10854K [0x00000000d6900000, 0x00000000d8880000, 0x0000000100000000)
  eden space 23040K, 28% used [0x00000000d6900000,0x00000000d6f67c88,0x00000000d7f80000)
  from space 4608K, 93% used [0x00000000d7f80000,0x00000000d83b1f38,0x00000000d8400000)
  to   space 4608K, 0% used [0x00000000d8400000,0x00000000d8400000,0x00000000d8880000)
 ParOldGen       total 86016K, used 56267K [0x0000000083a00000, 0x0000000088e00000, 0x00000000d6900000)
  object space 86016K, 65% used [0x0000000083a00000,0x00000000870f2ed0,0x0000000088e00000)
 Metaspace       used 17062K, capacity 17380K, committed 17536K, reserved 1064960K
  class space    used 2020K, capacity 2107K, committed 2176K, reserved 1048576K
GC Heap History (10 events):
Event: 59.003 GC heap before
{Heap before GC invocations=149 (full 0):
 PSYoungGen      total 28160K, used 26598K [0x00000000d6900000, 0x00000000d8980000, 0x0000000100000000)
  eden space 23040K, 96% used [0x00000000d6900000,0x00000000d7ecf908,0x00000000d7f80000)
  from space 5120K, 83% used [0x00000000d8480000,0x00000000d88a9f38,0x00000000d8980000)
  to   space 5120K, 0% used [0x00000000d7f80000,0x00000000d7f80000,0x00000000d8480000)
 ParOldGen       total 86016K, used 55371K [0x0000000083a00000, 0x0000000088e00000, 0x00000000d6900000)
  object space 86016K, 64% used [0x0000000083a00000,0x0000000087012ed0,0x0000000088e00000)
 Metaspace       used 17022K, capacity 17316K, committed 17536K, reserved 1064960K
  class space    used 2015K, capacity 2107K, committed 2176K, reserved 1048576K
Event: 59.005 GC heap after
Heap after GC invocations=149 (full 0):
 PSYoungGen      total 27648K, used 4263K [0x00000000d6900000, 0x00000000d8880000, 0x0000000100000000)
  eden space 23040K, 0% used [0x00000000d6900000,0x00000000d6900000,0x00000000d7f80000)
  from space 4608K, 92% used [0x00000000d7f80000,0x00000000d83a9f38,0x00000000d8400000)
  to   space 4608K, 0% used [0x00000000d8400000,0x00000000d8400000,0x00000000d8880000)
 ParOldGen       total 86016K, used 55555K [0x0000000083a00000, 0x0000000088e00000, 0x00000000d6900000)
  object space 86016K, 64% used [0x0000000083a00000,0x0000000087040ed0,0x0000000088e00000)
 Metaspace       used 17022K, capacity 17316K, committed 17536K, reserved 1064960K
  class space    used 2015K, capacity 2107K, committed 2176K, reserved 1048576K
}
Event: 59.269 GC heap before
{Heap before GC invocations=150 (full 0):
 PSYoungGen      total 27648K, used 26594K [0x00000000d6900000, 0x00000000d8880000, 0x0000000100000000)
  eden space 23040K, 96% used [0x00000000d6900000,0x00000000d7ecebb8,0x00000000d7f80000)
  from space 4608K, 92% used [0x00000000d7f80000,0x00000000d83a9f38,0x00000000d8400000)
  to   space 4608K, 0% used [0x00000000d8400000,0x00000000d8400000,0x00000000d8880000)
 ParOldGen       total 86016K, used 55555K [0x0000000083a00000, 0x0000000088e00000, 0x00000000d6900000)
  object space 86016K, 64% used [0x0000000083a00000,0x0000000087040ed0,0x0000000088e00000)
 Metaspace       used 17022K, capacity 17316K, committed 17536K, reserved 1064960K
  class space    used 2015K, capacity 2107K, committed 2176K, reserved 1048576K
Event: 59.271 GC heap after
Heap after GC invocations=150 (full 0):
 PSYoungGen      total 27648K, used 4295K [0x00000000d6900000, 0x00000000d8880000, 0x0000000100000000)
  eden space 23040K, 0% used [0x00000000d6900000,0x00000000d6900000,0x00000000d7f80000)
  from space 4608K, 93% used [0x00000000d8400000,0x00000000d8831f38,0x00000000d8880000)
  to   space 4608K, 0% used [0x00000000d7f80000,0x00000000d7f80000,0x00000000d8400000)
 ParOldGen       total 86016K, used 55739K [0x0000000083a00000, 0x0000000088e00000, 0x00000000d6900000)
  object space 86016K, 64% used [0x0000000083a00000,0x000000008706eed0,0x0000000088e00000)
 Metaspace       used 17022K, capacity 17316K, committed 17536K, reserved 1064960K
  class space    used 2015K, capacity 2107K, committed 2176K, reserved 1048576K
}
Event: 59.527 GC heap before
{Heap before GC invocations=151 (full 0):
 PSYoungGen      total 27648K, used 26639K [0x00000000d6900000, 0x00000000d8880000, 0x0000000100000000)
  eden space 23040K, 96% used [0x00000000d6900000,0x00000000d7ed1fb8,0x00000000d7f80000)
  from space 4608K, 93% used [0x00000000d8400000,0x00000000d8831f38,0x00000000d8880000)
  to   space 4608K, 0% used [0x00000000d7f80000,0x00000000d7f80000,0x00000000d8400000)
 ParOldGen       total 86016K, used 55739K [0x0000000083a00000, 0x0000000088e00000, 0x00000000d6900000)
  object space 86016K, 64% used [0x0000000083a00000,0x000000008706eed0,0x0000000088e00000)
 Metaspace       used 17022K, capacity 17316K, committed 17536K, reserved 1064960K
  class space    used 2015K, capacity 2107K, committed 2176K, reserved 1048576K
Event: 59.528 GC heap after
Heap after GC invocations=151 (full 0):
 PSYoungGen      total 27648K, used 4295K [0x00000000d6900000, 0x00000000d8880000, 0x0000000100000000)
  eden space 23040K, 0% used [0x00000000d6900000,0x00000000d6900000,0x00000000d7f80000)
  from space 4608K, 93% used [0x00000000d7f80000,0x00000000d83b1f38,0x00000000d8400000)
  to   space 4608K, 0% used [0x00000000d8400000,0x00000000d8400000,0x00000000d8880000)
 ParOldGen       total 86016K, used 55923K [0x0000000083a00000, 0x0000000088e00000, 0x00000000d6900000)
  object space 86016K, 65% used [0x0000000083a00000,0x000000008709ced0,0x0000000088e00000)
 Metaspace       used 17022K, capacity 17316K, committed 17536K, reserved 1064960K
  class space    used 2015K, capacity 2107K, committed 2176K, reserved 1048576K
}
Event: 59.807 GC heap before
{Heap before GC invocations=152 (full 0):
 PSYoungGen      total 27648K, used 26622K [0x00000000d6900000, 0x00000000d8880000, 0x0000000100000000)
  eden space 23040K, 96% used [0x00000000d6900000,0x00000000d7ecdbe0,0x00000000d7f80000)
  from space 4608K, 93% used [0x00000000d7f80000,0x00000000d83b1f38,0x00000000d8400000)
  to   space 4608K, 0% used [0x00000000d8400000,0x00000000d8400000,0x00000000d8880000)
 ParOldGen       total 86016K, used 55923K [0x0000000083a00000, 0x0000000088e00000, 0x00000000d6900000)
  object space 86016K, 65% used [0x0000000083a00000,0x000000008709ced0,0x0000000088e00000)
 Metaspace       used 17022K, capacity 17316K, committed 17536K, reserved 1064960K
  class space    used 2015K, capacity 2107K, committed 2176K, reserved 1048576K
Event: 59.809 GC heap after
Heap after GC invocations=152 (full 0):
 PSYoungGen      total 27648K, used 4295K [0x00000000d6900000, 0x00000000d8880000, 0x0000000100000000)
  eden space 23040K, 0% used [0x00000000d6900000,0x00000000d6900000,0x00000000d7f80000)
  from space 4608K, 93% used [0x00000000d8400000,0x00000000d8831f38,0x00000000d8880000)
  to   space 4608K, 0% used [0x00000000d7f80000,0x00000000d7f80000,0x00000000d8400000)
 ParOldGen       total 86016K, used 56091K [0x0000000083a00000, 0x0000000088e00000, 0x00000000d6900000)
  object space 86016K, 65% used [0x0000000083a00000,0x00000000870c6ed0,0x0000000088e00000)
 Metaspace       used 17022K, capacity 17316K, committed 17536K, reserved 1064960K
  class space    used 2015K, capacity 2107K, committed 2176K, reserved 1048576K
}
Event: 60.079 GC heap before
{Heap before GC invocations=153 (full 0):
 PSYoungGen      total 27648K, used 26627K [0x00000000d6900000, 0x00000000d8880000, 0x0000000100000000)
  eden space 23040K, 96% used [0x00000000d6900000,0x00000000d7ecef48,0x00000000d7f80000)
  from space 4608K, 93% used [0x00000000d8400000,0x00000000d8831f38,0x00000000d8880000)
  to   space 4608K, 0% used [0x00000000d7f80000,0x00000000d7f80000,0x00000000d8400000)
 ParOldGen       total 86016K, used 56091K [0x0000000083a00000, 0x0000000088e00000, 0x00000000d6900000)
  object space 86016K, 65% used [0x0000000083a00000,0x00000000870c6ed0,0x0000000088e00000)
 Metaspace       used 17022K, capacity 17316K, committed 17536K, reserved 1064960K
  class space    used 2015K, capacity 2107K, committed 2176K, reserved 1048576K
Event: 60.080 GC heap after
Heap after GC invocations=153 (full 0):
 PSYoungGen      total 27648K, used 4295K [0x00000000d6900000, 0x00000000d8880000, 0x0000000100000000)
  eden space 23040K, 0% used [0x00000000d6900000,0x00000000d6900000,0x00000000d7f80000)
  from space 4608K, 93% used [0x00000000d7f80000,0x00000000d83b1f38,0x00000000d8400000)
  to   space 4608K, 0% used [0x00000000d8400000,0x00000000d8400000,0x00000000d8880000)
 ParOldGen       total 86016K, used 56267K [0x0000000083a00000, 0x0000000088e00000, 0x00000000d6900000)
  object space 86016K, 65% used [0x0000000083a00000,0x00000000870f2ed0,0x0000000088e00000)
 Metaspace       used 17022K, capacity 17316K, committed 17536K, reserved 1064960K
  class space    used 2015K, capacity 2107K, committed 2176K, reserved 1048576K
}

