# JRE version: Java(TM) SE Runtime Environment (8.0_202-b08) (build 1.8.0_202-b08)
# Java VM: Java HotSpot(TM) 64-Bit Server VM (25.202-b08 mixed mode windows-amd64 compressed oops)
Heap:
 PSYoungGen      total 48640K, used 46631K [0x00000000d6900000, 0x00000000d9f80000, 0x0000000100000000)
  eden space 42496K, 100% used [0x00000000d6900000,0x00000000d9280000,0x00000000d9280000)
  from space 6144K, 67% used [0x00000000d9980000,0x00000000d9d89f38,0x00000000d9f80000)
  to   space 6656K, 0% used [0x00000000d9280000,0x00000000d9280000,0x00000000d9900000)
 ParOldGen       total 86016K, used 78384K [0x0000000083a00000, 0x0000000088e00000, 0x00000000d6900000)
  object space 86016K, 91% used [0x0000000083a00000,0x000000008868c268,0x0000000088e00000)
 Metaspace       used 15226K, capacity 15494K, committed 15616K, reserved 1062912K
  class space    used 1683K, capacity 1778K, committed 1792K, reserved 1048576K
GC Heap History (10 events):
Event: 62.934 GC heap before
{Heap before GC invocations=186 (full 0):
 PSYoungGen      total 31232K, used 24320K [0x00000000d6900000, 0x00000000d9480000, 0x0000000100000000)
  eden space 24064K, 100% used [0x00000000d6900000,0x00000000d8080000,0x00000000d8080000)
  from space 7168K, 3% used [0x00000000d8080000,0x00000000d80c0000,0x00000000d8780000)
  to   space 7680K, 0% used [0x00000000d8d00000,0x00000000d8d00000,0x00000000d9480000)
 ParOldGen       total 86016K, used 78024K [0x0000000083a00000, 0x0000000088e00000, 0x00000000d6900000)
  object space 86016K, 90% used [0x0000000083a00000,0x0000000088632298,0x0000000088e00000)
 Metaspace       used 15188K, capacity 15494K, committed 15616K, reserved 1062912K
  class space    used 1679K, capacity 1778K, committed 1792K, reserved 1048576K
Event: 62.936 GC heap after
Heap after GC invocations=186 (full 0):
 PSYoungGen      total 35840K, used 4103K [0x00000000d6900000, 0x00000000d9380000, 0x0000000100000000)
  eden space 29184K, 0% used [0x00000000d6900000,0x00000000d6900000,0x00000000d8580000)
  from space 6656K, 61% used [0x00000000d8d00000,0x00000000d9101f38,0x00000000d9380000)
  to   space 7168K, 0% used [0x00000000d8580000,0x00000000d8580000,0x00000000d8c80000)
 ParOldGen       total 86016K, used 78088K [0x0000000083a00000, 0x0000000088e00000, 0x00000000d6900000)
  object space 86016K, 90% used [0x0000000083a00000,0x0000000088642298,0x0000000088e00000)
 Metaspace       used 15188K, capacity 15494K, committed 15616K, reserved 1062912K
  class space    used 1679K, capacity 1778K, committed 1792K, reserved 1048576K
}
Event: 62.996 GC heap before
{Heap before GC invocations=187 (full 0):
 PSYoungGen      total 35840K, used 33287K [0x00000000d6900000, 0x00000000d9380000, 0x0000000100000000)
  eden space 29184K, 100% used [0x00000000d6900000,0x00000000d8580000,0x00000000d8580000)
  from space 6656K, 61% used [0x00000000d8d00000,0x00000000d9101f38,0x00000000d9380000)
  to   space 7168K, 0% used [0x00000000d8580000,0x00000000d8580000,0x00000000d8c80000)
 ParOldGen       total 86016K, used 78088K [0x0000000083a00000, 0x0000000088e00000, 0x00000000d6900000)
  object space 86016K, 90% used [0x0000000083a00000,0x0000000088642298,0x0000000088e00000)
 Metaspace       used 15188K, capacity 15494K, committed 15616K, reserved 1062912K
  class space    used 1679K, capacity 1778K, committed 1792K, reserved 1048576K
Event: 62.997 GC heap after
Heap after GC invocations=187 (full 0):
 PSYoungGen      total 36352K, used 5418K [0x00000000d6900000, 0x00000000d9a80000, 0x0000000100000000)
  eden space 29184K, 0% used [0x00000000d6900000,0x00000000d6900000,0x00000000d8580000)
  from space 7168K, 75% used [0x00000000d8580000,0x00000000d8aca9a0,0x00000000d8c80000)
  to   space 7680K, 0% used [0x00000000d9300000,0x00000000d9300000,0x00000000d9a80000)
 ParOldGen       total 86016K, used 78128K [0x0000000083a00000, 0x0000000088e00000, 0x00000000d6900000)
  object space 86016K, 90% used [0x0000000083a00000,0x000000008864c258,0x0000000088e00000)
 Metaspace       used 15188K, capacity 15494K, committed 15616K, reserved 1062912K
  class space    used 1679K, capacity 1778K, committed 1792K, reserved 1048576K
}
Event: 63.072 GC heap before
{Heap before GC invocations=188 (full 0):
 PSYoungGen      total 36352K, used 34602K [0x00000000d6900000, 0x00000000d9a80000, 0x0000000100000000)
  eden space 29184K, 100% used [0x00000000d6900000,0x00000000d8580000,0x00000000d8580000)
  from space 7168K, 75% used [0x00000000d8580000,0x00000000d8aca9a0,0x00000000d8c80000)
  to   space 7680K, 0% used [0x00000000d9300000,0x00000000d9300000,0x00000000d9a80000)
 ParOldGen       total 86016K, used 78128K [0x0000000083a00000, 0x0000000088e00000, 0x00000000d6900000)
  object space 86016K, 90% used [0x0000000083a00000,0x000000008864c258,0x0000000088e00000)
 Metaspace       used 15188K, capacity 15494K, committed 15616K, reserved 1062912K
  class space    used 1679K, capacity 1778K, committed 1792K, reserved 1048576K
Event: 63.074 GC heap after
Heap after GC invocations=188 (full 0):
 PSYoungGen      total 41984K, used 4151K [0x00000000d6900000, 0x00000000d9980000, 0x0000000100000000)
  eden space 35328K, 0% used [0x00000000d6900000,0x00000000d6900000,0x00000000d8b80000)
  from space 6656K, 62% used [0x00000000d9300000,0x00000000d970df48,0x00000000d9980000)
  to   space 7168K, 0% used [0x00000000d8b80000,0x00000000d8b80000,0x00000000d9280000)
 ParOldGen       total 86016K, used 78208K [0x0000000083a00000, 0x0000000088e00000, 0x00000000d6900000)
  object space 86016K, 90% used [0x0000000083a00000,0x0000000088660268,0x0000000088e00000)
 Metaspace       used 15188K, capacity 15494K, committed 15616K, reserved 1062912K
  class space    used 1679K, capacity 1778K, committed 1792K, reserved 1048576K
}
Event: 63.161 GC heap before
{Heap before GC invocations=189 (full 0):
 PSYoungGen      total 41984K, used 39479K [0x00000000d6900000, 0x00000000d9980000, 0x0000000100000000)
  eden space 35328K, 100% used [0x00000000d6900000,0x00000000d8b80000,0x00000000d8b80000)
  from space 6656K, 62% used [0x00000000d9300000,0x00000000d970df48,0x00000000d9980000)
  to   space 7168K, 0% used [0x00000000d8b80000,0x00000000d8b80000,0x00000000d9280000)
 ParOldGen       total 86016K, used 78208K [0x0000000083a00000, 0x0000000088e00000, 0x00000000d6900000)
  object space 86016K, 90% used [0x0000000083a00000,0x0000000088660268,0x0000000088e00000)
 Metaspace       used 15188K, capacity 15494K, committed 15616K, reserved 1062912K
  class space    used 1679K, capacity 1778K, committed 1792K, reserved 1048576K
Event: 63.163 GC heap after
Heap after GC invocations=189 (full 0):
 PSYoungGen      total 42496K, used 4103K [0x00000000d6900000, 0x00000000da080000, 0x0000000100000000)
  eden space 35328K, 0% used [0x00000000d6900000,0x00000000d6900000,0x00000000d8b80000)
  from space 7168K, 57% used [0x00000000d8b80000,0x00000000d8f81f38,0x00000000d9280000)
  to   space 7168K, 0% used [0x00000000d9980000,0x00000000d9980000,0x00000000da080000)
 ParOldGen       total 86016K, used 78280K [0x0000000083a00000, 0x0000000088e00000, 0x00000000d6900000)
  object space 86016K, 91% used [0x0000000083a00000,0x0000000088672268,0x0000000088e00000)
 Metaspace       used 15188K, capacity 15494K, committed 15616K, reserved 1062912K
  class space    used 1679K, capacity 1778K, committed 1792K, reserved 1048576K
}
Event: 63.229 GC heap before
{Heap before GC invocations=190 (full 0):
 PSYoungGen      total 42496K, used 39431K [0x00000000d6900000, 0x00000000da080000, 0x0000000100000000)
  eden space 35328K, 100% used [0x00000000d6900000,0x00000000d8b80000,0x00000000d8b80000)
  from space 7168K, 57% used [0x00000000d8b80000,0x00000000d8f81f38,0x00000000d9280000)
  to   space 7168K, 0% used [0x00000000d9980000,0x00000000d9980000,0x00000000da080000)
 ParOldGen       total 86016K, used 78280K [0x0000000083a00000, 0x0000000088e00000, 0x00000000d6900000)
  object space 86016K, 91% used [0x0000000083a00000,0x0000000088672268,0x0000000088e00000)
 Metaspace       used 15188K, capacity 15494K, committed 15616K, reserved 1062912K
  class space    used 1679K, capacity 1778K, committed 1792K, reserved 1048576K
Event: 63.231 GC heap after
Heap after GC invocations=190 (full 0):
 PSYoungGen      total 48640K, used 4135K [0x00000000d6900000, 0x00000000d9f80000, 0x0000000100000000)
  eden space 42496K, 0% used [0x00000000d6900000,0x00000000d6900000,0x00000000d9280000)
  from space 6144K, 67% used [0x00000000d9980000,0x00000000d9d89f38,0x00000000d9f80000)
  to   space 6656K, 0% used [0x00000000d9280000,0x00000000d9280000,0x00000000d9900000)
 ParOldGen       total 86016K, used 78384K [0x0000000083a00000, 0x0000000088e00000, 0x00000000d6900000)
  object space 86016K, 91% used [0x0000000083a00000,0x000000008868c268,0x0000000088e00000)
 Metaspace       used 15188K, capacity 15494K, committed 15616K, reserved 1062912K
  class space    used 1679K, capacity 1778K, committed 1792K, reserved 1048576K
}

